<?xml version="1.0" encoding="UTF-8"?>
<!-- Generated by org.testng.reporters.JUnitXMLReporter -->
<testsuite ignored="0" hostname="DESKTOP-1I86O7O" failures="1" tests="4" name="groups" time="0.062" errors="0" timestamp="2020-05-27T12:21:23 CDT">
  <testcase classname="com.class03.GroupsDemo" name="test2" time="0.01">
    <failure type="java.lang.AssertionError" message="The following asserts failed:
	expected [true] but found [false]">
      <![CDATA[java.lang.AssertionError: The following asserts failed:
expected [true] but found [false]
at com.class03.GroupsDemo.test2(GroupsDemo.java:32)
at java.base/java.util.ArrayList.forEach(ArrayList.java:1507)
... Removed 29 stack frames]]>
    </failure>
  </testcase> <!-- test2 -->
  <testcase classname="com.class03.GroupsDemo" name="test4" time="0.002"/>
  <testcase classname="com.class03.GroupsDemo" name="test3" time="0.002"/>
  <testcase classname="com.class03.GroupsDemo" name="test1" time="0.0">
    <skipped/>
  </testcase> <!-- test1 -->
</testsuite> <!-- groups -->
